<?xml version="1.0" encoding="UTF-8"?>
<!-- Generated by org.testng.reporters.JUnitReportReporter -->
<testsuite hostname="DESKTOP-7C4J88S" failures="0" tests="1" name="practice.Scroll_By_Pixel" time="15.765" errors="0" timestamp="2023-09-02T18:45:13 IST" skipped="0">
  <testcase classname="practice.Scroll_By_Pixel" name="Scroll_By_Pixel" time="15.765"/>
  <system-out/>
</testsuite> <!-- practice.Scroll_By_Pixel -->
