<?xml version="1.0" encoding="UTF-8"?>
<!-- Generated by org.testng.reporters.JUnitReportReporter -->
<testsuite hostname="DESKTOP-2AOOQDK" failures="0" tests="1" name="practice.TC01_VerifyTheNumberoflinksPresentOnPage" time="115.874" errors="0" timestamp="2023-07-08T10:03:32 IST" skipped="0">
  <testcase classname="practice.TC01_VerifyTheNumberoflinksPresentOnPage" name="NumberoflinksPresentOnPage" time="115.874"/>
  <system-out/>
</testsuite> <!-- practice.TC01_VerifyTheNumberoflinksPresentOnPage -->
