<?xml version="1.0" encoding="UTF-8"?>
<!-- Generated by org.testng.reporters.JUnitReportReporter -->
<testsuite hostname="DESKTOP-2AOOQDK" failures="0" tests="1" name="practice.TC22_TakseScreenshot" time="12.105" errors="0" timestamp="2023-07-22T13:21:53 IST" skipped="0">
  <testcase classname="practice.TC22_TakseScreenshot" name="TakseScreenshot" time="12.105"/>
  <system-out/>
</testsuite> <!-- practice.TC22_TakseScreenshot -->
