<?xml version="1.0" encoding="UTF-8"?>
<!-- Generated by org.testng.reporters.JUnitReportReporter -->
<testsuite hostname="DESKTOP-2AOOQDK" failures="0" tests="1" name="practice.textSendToExcelFileByArrayList" time="1.403" errors="0" timestamp="2023-07-22T14:36:48 IST" skipped="0">
  <testcase classname="practice.textSendToExcelFileByArrayList" name="main" time="1.403"/>
  <system-out/>
</testsuite> <!-- practice.textSendToExcelFileByArrayList -->
