<?xml version="1.0" encoding="UTF-8"?>
<!-- Generated by org.testng.reporters.JUnitReportReporter -->
<testsuite hostname="DESKTOP-2AOOQDK" failures="0" tests="1" name="Com.DemoQA.TestPackage.TC02_VerifyTheTextboxFiedAcceptingTheText" time="30.420" errors="0" timestamp="2023-07-22T16:09:12 IST" skipped="0">
  <testcase classname="Com.DemoQA.TestPackage.TC02_VerifyTheTextboxFiedAcceptingTheText" name="VerifyTheTextboxFiedAcceptingTheText" time="30.420"/>
  <system-out/>
</testsuite> <!-- Com.DemoQA.TestPackage.TC02_VerifyTheTextboxFiedAcceptingTheText -->
