<?xml version="1.0" encoding="UTF-8"?>
<!-- Generated by org.testng.reporters.JUnitReportReporter -->
<testsuite hostname="DESKTOP-2AOOQDK" failures="0" tests="1" name="practice.TC09_HandleAlertAfterClick" time="60.195" errors="0" timestamp="2023-07-08T10:03:32 IST" skipped="0">
  <testcase classname="practice.TC09_HandleAlertAfterClick" name="HandleAlertAfterClick" time="60.195"/>
  <system-out/>
</testsuite> <!-- practice.TC09_HandleAlertAfterClick -->
