<?xml version="1.0" encoding="UTF-8"?>
<!-- Generated by org.testng.reporters.JUnitReportReporter -->
<testsuite hostname="DESKTOP-7C4J88S" failures="0" tests="1" name="practice.TC16_curruntdate" time="0.146" errors="0" timestamp="2023-09-18T06:27:11 IST" skipped="0">
  <testcase classname="practice.TC16_curruntdate" name="CurrentDate" time="0.146"/>
  <system-out/>
</testsuite> <!-- practice.TC16_curruntdate -->
