<?xml version="1.0" encoding="UTF-8"?>
<!-- Generated by org.testng.reporters.JUnitReportReporter -->
<testsuite hostname="DESKTOP-7C4J88S" failures="0" tests="1" name="practice.GetTitle_GetURL_PageSource" time="14.855" errors="0" timestamp="2023-09-02T16:56:39 IST" skipped="0">
  <testcase classname="practice.GetTitle_GetURL_PageSource" name="GetTitle_GetURL_PageSource" time="14.855"/>
  <system-out/>
</testsuite> <!-- practice.GetTitle_GetURL_PageSource -->
