<?xml version="1.0" encoding="UTF-8"?>
<!-- Generated by org.testng.reporters.JUnitReportReporter -->
<testsuite hostname="DESKTOP-2AOOQDK" failures="0" tests="1" name="Com.DemoQA.TestPackage.TC01_VerifyTheFunctionalityOfElementButton" time="42.904" errors="0" timestamp="2023-07-22T16:08:22 IST" skipped="0">
  <testcase classname="Com.DemoQA.TestPackage.TC01_VerifyTheFunctionalityOfElementButton" name="VerifyTheFunctionalityOfElementButton" time="42.904"/>
  <system-out/>
</testsuite> <!-- Com.DemoQA.TestPackage.TC01_VerifyTheFunctionalityOfElementButton -->
