<?xml version="1.0" encoding="UTF-8"?>
<!-- Generated by org.testng.reporters.JUnitReportReporter -->
<testsuite hostname="DESKTOP-7C4J88S" failures="0" tests="1" name="screenshot.TC22_TakeScreenshot_Of_Page" time="6.261" errors="0" timestamp="2023-10-02T06:47:42 IST" skipped="0">
  <testcase classname="screenshot.TC22_TakeScreenshot_Of_Page" name="TakeScreenshot_Of_Page" time="6.261"/>
  <system-out/>
</testsuite> <!-- screenshot.TC22_TakeScreenshot_Of_Page -->
