<?xml version="1.0" encoding="UTF-8"?>
<!-- Generated by org.testng.reporters.JUnitReportReporter -->
<testsuite hostname="DESKTOP-7C4J88S" failures="0" tests="1" name="text_File.read_Text_File" time="0.014" errors="0" timestamp="2023-09-18T08:43:13 IST" skipped="0">
  <testcase classname="text_File.read_Text_File" name="read_Text_File" time="0.014"/>
  <system-out/>
</testsuite> <!-- text_File.read_Text_File -->
