<?xml version="1.0" encoding="UTF-8"?>
<!-- Generated by org.testng.reporters.JUnitReportReporter -->
<testsuite hostname="DESKTOP-2AOOQDK" failures="0" tests="1" name="Com.DemoQA.TestPackage.BaseClass" time="22.453" errors="0" timestamp="2023-06-09T13:45:25 IST" skipped="0">
  <testcase classname="Com.DemoQA.TestPackage.BaseClass" name="setUp" time="22.453"/>
  <system-out/>
</testsuite> <!-- Com.DemoQA.TestPackage.BaseClass -->
