<?xml version="1.0" encoding="UTF-8"?>
<!-- Generated by org.testng.reporters.JUnitReportReporter -->
<testsuite hostname="DESKTOP-2AOOQDK" failures="0" tests="1" name="utility.excel" time="1.287" errors="0" timestamp="2023-06-28T09:15:51 IST" skipped="0">
  <testcase classname="utility.excel" name="exelsheetmethod" time="1.287"/>
  <system-out/>
</testsuite> <!-- utility.excel -->
