<?xml version="1.0" encoding="UTF-8"?>
<!-- Generated by org.testng.reporters.JUnitReportReporter -->
<testsuite hostname="DESKTOP-7C4J88S" failures="0" tests="1" name="practice.TC22_TakeScreenshot_Of_Page" time="5.804" errors="0" timestamp="2023-09-02T18:04:12 IST" skipped="0">
  <testcase classname="practice.TC22_TakeScreenshot_Of_Page" name="TakeScreenshot_Of_Page" time="5.804"/>
  <system-out/>
</testsuite> <!-- practice.TC22_TakeScreenshot_Of_Page -->
