<?xml version="1.0" encoding="UTF-8"?>
<!-- Generated by org.testng.reporters.JUnitReportReporter -->
<testsuite hostname="DESKTOP-2AOOQDK" failures="0" tests="1" name="practice.handlenewtab" time="38.343" errors="0" timestamp="2023-06-20T11:49:49 IST" skipped="0">
  <testcase classname="practice.handlenewtab" name="NewTab" time="38.343"/>
  <system-out/>
</testsuite> <!-- practice.handlenewtab -->
