<?xml version="1.0" encoding="UTF-8"?>
<!-- Generated by org.testng.reporters.JUnitReportReporter -->
<testsuite hostname="DESKTOP-7C4J88S" failures="0" tests="1" name="Scrolling.scrolling_Till_The_Element_By_Pixel" time="16.786" errors="0" timestamp="2023-09-16T13:20:35 IST" skipped="0">
  <testcase classname="Scrolling.scrolling_Till_The_Element_By_Pixel" name="scrolling_Till_The_Element_By_Pixel" time="16.786"/>
  <system-out>
    <![CDATA[URL opened]]>
  </system-out>
</testsuite> <!-- Scrolling.scrolling_Till_The_Element_By_Pixel -->
