<?xml version="1.0" encoding="UTF-8"?>
<!-- Generated by org.testng.reporters.JUnitReportReporter -->
<testsuite hostname="DESKTOP-2AOOQDK" failures="0" tests="1" name="practice.TC03_VerifyThatTheBrokenImages" time="52.096" errors="0" timestamp="2023-07-08T10:03:32 IST" skipped="0">
  <testcase classname="practice.TC03_VerifyThatTheBrokenImages" name="BrokenImages" time="52.096"/>
  <system-out/>
</testsuite> <!-- practice.TC03_VerifyThatTheBrokenImages -->
