<?xml version="1.0" encoding="UTF-8"?>
<!-- Generated by org.testng.reporters.JUnitReportReporter -->
<testsuite hostname="DESKTOP-2AOOQDK" failures="0" tests="1" name="practice.TC15_CounrTotalLinkWhenFilterBySamsung" time="92.296" errors="1" timestamp="2023-07-08T10:03:32 IST" skipped="0">
  <testcase classname="practice.TC15_CounrTotalLinkWhenFilterBySamsung" name="CounrTotalLinkWhenFilterBySamsung" time="92.296">
    <error message="Cannot invoke &quot;String.equals(Object)&quot; because &quot;a&quot; is null" type="java.lang.NullPointerException">
      <![CDATA[java.lang.NullPointerException: Cannot invoke "String.equals(Object)" because "a" is null
at practice.TC15_CounrTotalLinkWhenFilterBySamsung.CounrTotalLinkWhenFilterBySamsung(TC15_CounrTotalLinkWhenFilterBySamsung.java:60)
at java.base/jdk.internal.reflect.NativeMethodAccessorImpl.invoke0(Native Method)
at java.base/jdk.internal.reflect.NativeMethodAccessorImpl.invoke(NativeMethodAccessorImpl.java:77)
at java.base/jdk.internal.reflect.DelegatingMethodAccessorImpl.invoke(DelegatingMethodAccessorImpl.java:43)
at java.base/java.lang.reflect.Method.invoke(Method.java:568)
at org.testng.internal.MethodInvocationHelper.invokeMethod(MethodInvocationHelper.java:133)
at org.testng.internal.TestInvoker.invokeMethod(TestInvoker.java:598)
at org.testng.internal.TestInvoker.invokeTestMethod(TestInvoker.java:173)
at org.testng.internal.MethodRunner.runInSequence(MethodRunner.java:46)
at org.testng.internal.TestInvoker$MethodInvocationAgent.invoke(TestInvoker.java:824)
at org.testng.internal.TestInvoker.invokeTestMethods(TestInvoker.java:146)
at org.testng.internal.TestMethodWorker.invokeTestMethods(TestMethodWorker.java:146)
at org.testng.internal.TestMethodWorker.run(TestMethodWorker.java:128)
at java.base/java.util.concurrent.ThreadPoolExecutor.runWorker(ThreadPoolExecutor.java:1136)
at java.base/java.util.concurrent.ThreadPoolExecutor$Worker.run(ThreadPoolExecutor.java:635)
at java.base/java.lang.Thread.run(Thread.java:833)
]]>
    </error>
  </testcase> <!-- CounrTotalLinkWhenFilterBySamsung -->
  <system-out/>
</testsuite> <!-- practice.TC15_CounrTotalLinkWhenFilterBySamsung -->
