<?xml version="1.0" encoding="UTF-8"?>
<!-- Generated by org.testng.reporters.JUnitReportReporter -->
<testsuite hostname="DESKTOP-7C4J88S" failures="0" tests="1" name="practice.Scroll_UpTo_Bottom_Of_The_Page" time="14.532" errors="0" timestamp="2023-09-02T18:54:39 IST" skipped="0">
  <testcase classname="practice.Scroll_UpTo_Bottom_Of_The_Page" name="Scroll_UpTo_Bottom_Of_The_Page" time="14.532"/>
  <system-out/>
</testsuite> <!-- practice.Scroll_UpTo_Bottom_Of_The_Page -->
