<?xml version="1.0" encoding="UTF-8"?>
<!-- Generated by org.testng.reporters.JUnitReportReporter -->
<testsuite hostname="DESKTOP-2AOOQDK" failures="0" tests="1" name="practice.TC11_HandleAlertAceeptOrDismissedOnClick" time="89.601" errors="0" timestamp="2023-07-08T10:03:32 IST" skipped="0">
  <testcase classname="practice.TC11_HandleAlertAceeptOrDismissedOnClick" name="HandleAlertAceeptOrDismissedOnClick" time="89.601"/>
  <system-out/>
</testsuite> <!-- practice.TC11_HandleAlertAceeptOrDismissedOnClick -->
