<?xml version="1.0" encoding="UTF-8"?>
<!-- Generated by org.testng.reporters.JUnitReportReporter -->
<testsuite hostname="DESKTOP-7C4J88S" failures="0" tests="1" name="practice.Scroll_UpTo_WebElement" time="16.934" errors="0" timestamp="2023-09-02T18:56:34 IST" skipped="0">
  <testcase classname="practice.Scroll_UpTo_WebElement" name="Scroll_UpTo_WebElement" time="16.934"/>
  <system-out/>
</testsuite> <!-- practice.Scroll_UpTo_WebElement -->
