<?xml version="1.0" encoding="UTF-8"?>
<!-- Generated by org.testng.reporters.JUnitReportReporter -->
<testsuite hostname="DESKTOP-7C4J88S" failures="0" tests="1" name="practice.zoomIn_ZoomOut" time="10.850" errors="0" timestamp="2023-09-18T11:23:53 IST" skipped="0">
  <testcase classname="practice.zoomIn_ZoomOut" name="zoomIn_ZoomOut" time="10.850"/>
  <system-out/>
</testsuite> <!-- practice.zoomIn_ZoomOut -->
