<?xml version="1.0" encoding="UTF-8"?>
<!-- Generated by org.testng.reporters.JUnitReportReporter -->
<testsuite hostname="DESKTOP-7C4J88S" failures="0" tests="1" name="CSV_File.read_CSV_File" time="0.016" errors="0" timestamp="2023-09-18T08:40:52 IST" skipped="0">
  <testcase classname="CSV_File.read_CSV_File" name="read_CSV_File" time="0.016"/>
  <system-out/>
</testsuite> <!-- CSV_File.read_CSV_File -->
