<?xml version="1.0" encoding="UTF-8"?>
<!-- Generated by org.testng.reporters.JUnitReportReporter -->
<testsuite hostname="DESKTOP-2AOOQDK" failures="0" tests="1" name="practice.TC24_HandleAccordian" time="16.171" errors="0" timestamp="2023-07-12T09:22:54 IST" skipped="0">
  <testcase classname="practice.TC24_HandleAccordian" name="accordian" time="16.171"/>
  <system-out/>
</testsuite> <!-- practice.TC24_HandleAccordian -->
