<?xml version="1.0" encoding="UTF-8"?>
<!-- Generated by org.testng.reporters.JUnitReportReporter -->
<testsuite hostname="DESKTOP-7C4J88S" failures="0" tests="1" name="practice.read_Properties_File" time="0.025" errors="0" timestamp="2023-09-18T08:38:25 IST" skipped="0">
  <testcase classname="practice.read_Properties_File" name="read_PropertiesFile" time="0.025"/>
  <system-out/>
</testsuite> <!-- practice.read_Properties_File -->
