<?xml version="1.0" encoding="UTF-8"?>
<!-- Generated by org.testng.reporters.JUnitReportReporter -->
<testsuite hostname="DESKTOP-7C4J88S" failures="0" tests="1" name="CSV_File.write_CSV_File" time="0.017" errors="0" timestamp="2023-09-18T09:11:47 IST" skipped="0">
  <testcase classname="CSV_File.write_CSV_File" name="write_CSV_File" time="0.017"/>
  <system-out/>
</testsuite> <!-- CSV_File.write_CSV_File -->
