<?xml version="1.0" encoding="UTF-8"?>
<!-- Generated by org.testng.reporters.JUnitReportReporter -->
<testsuite hostname="DESKTOP-2AOOQDK" failures="0" tests="1" name="practice.InputfromExelSheet" time="21.937" errors="0" timestamp="2023-06-28T11:23:33 IST" skipped="0">
  <testcase classname="practice.InputfromExelSheet" name="logintodemo" time="21.937"/>
  <system-out/>
</testsuite> <!-- practice.InputfromExelSheet -->
