<?xml version="1.0" encoding="UTF-8"?>
<!-- Generated by org.testng.reporters.JUnitReportReporter -->
<testsuite hostname="DESKTOP-7C4J88S" failures="0" tests="1" name="text_File.write_text_File" time="0.020" errors="0" timestamp="2023-09-18T09:16:01 IST" skipped="0">
  <testcase classname="text_File.write_text_File" name="write_Text_File" time="0.020"/>
  <system-out/>
</testsuite> <!-- text_File.write_text_File -->
