<?xml version="1.0" encoding="UTF-8"?>
<!-- Generated by org.testng.reporters.JUnitReportReporter -->
<testsuite hostname="DESKTOP-2AOOQDK" failures="0" tests="1" name="practice.TC07_VerifyTheNewWindowFunctionality" time="119.781" errors="0" timestamp="2023-07-08T10:03:32 IST" skipped="0">
  <testcase classname="practice.TC07_VerifyTheNewWindowFunctionality" name="HnadlingNewWindow" time="119.781"/>
  <system-out/>
</testsuite> <!-- practice.TC07_VerifyTheNewWindowFunctionality -->
