<?xml version="1.0" encoding="UTF-8"?>
<!-- Generated by org.testng.reporters.JUnitReportReporter -->
<testsuite hostname="DESKTOP-2AOOQDK" failures="0" tests="2" name="Com.DemoQA.TestPackage.TC03_VerifyThatHomeButtonClickeble" time="43.657" errors="0" timestamp="2023-07-22T16:10:13 IST" skipped="0">
  <testcase classname="Com.DemoQA.TestPackage.TC03_VerifyThatHomeButtonClickeble" name="VerifyThatHomeButtonClickeble" time="24.434"/>
  <system-out/>
  <testcase classname="Com.DemoQA.TestPackage.TC03_VerifyThatHomeButtonClickeble" name="tc2" time="19.223"/>
  <system-out>
    <![CDATA[TC2 Pass]]>
  </system-out>
</testsuite> <!-- Com.DemoQA.TestPackage.TC03_VerifyThatHomeButtonClickeble -->
