<?xml version="1.0" encoding="UTF-8"?>
<!-- Generated by org.testng.reporters.JUnitReportReporter -->
<testsuite hostname="DESKTOP-2AOOQDK" failures="0" tests="1" name="practice.TC10_HandleAlertAfter5SecondOnClick" time="76.311" errors="0" timestamp="2023-07-08T10:03:32 IST" skipped="0">
  <testcase classname="practice.TC10_HandleAlertAfter5SecondOnClick" name="HandleAlertAfter5SecondOnClick" time="76.311"/>
  <system-out/>
</testsuite> <!-- practice.TC10_HandleAlertAfter5SecondOnClick -->
